TN:
SF:src/MExtension.sol
DA:32,30937
FN:32,MExtension.onlySwapFacility
FNDA:30937,MExtension.onlySwapFacility
DA:33,30937
BRDA:33,0,0,1
DA:46,388
FN:46,MExtension.constructor
FNDA:388,MExtension.constructor
DA:47,388
DA:49,388
BRDA:49,1,0,1
DA:50,387
BRDA:50,2,0,1
DA:60,376
FN:60,MExtension.__MExtension_init
FNDA:376,MExtension.__MExtension_init
DA:61,376
DA:67,26078
FN:67,MExtension.wrap
FNDA:26078,MExtension.wrap
DA:70,26077
DA:74,30937
FN:74,MExtension.unwrap
FNDA:30937,MExtension.unwrap
DA:78,30936
DA:82,2
FN:82,MExtension.enableEarning
FNDA:2,MExtension.enableEarning
DA:83,2
BRDA:83,3,0,1
DA:85,1
DA:87,1
DA:91,2
FN:91,MExtension.disableEarning
FNDA:2,MExtension.disableEarning
DA:92,2
BRDA:92,4,0,1
DA:94,1
DA:96,1
DA:102,1
FN:102,MExtension.currentIndex
FNDA:1,MExtension.currentIndex
DA:103,3
DA:107,3
FN:107,MExtension.isEarningEnabled
FNDA:3,MExtension.isEarningEnabled
DA:108,7
DA:122,0
FN:122,MExtension._beforeApprove
FNDA:0,MExtension._beforeApprove
DA:130,4933
FN:130,MExtension._beforeWrap
FNDA:4933,MExtension._beforeWrap
DA:137,4945
FN:137,MExtension._beforeUnwrap
FNDA:4945,MExtension._beforeUnwrap
DA:145,4991
FN:145,MExtension._beforeTransfer
FNDA:4991,MExtension._beforeTransfer
DA:155,5005
FN:155,MExtension._approve
FNDA:5005,MExtension._approve
DA:157,5005
DA:159,5002
DA:168,26077
FN:168,MExtension._wrap
FNDA:26077,MExtension._wrap
DA:169,26077
DA:170,26057
DA:173,25795
DA:177,25784
DA:186,25784
DA:194,30936
FN:194,MExtension._unwrap
FNDA:30936,MExtension._unwrap
DA:195,30936
DA:198,30699
DA:200,28212
DA:208,20629
DA:212,20629
DA:243,15018
FN:243,MExtension._transfer
FNDA:15018,MExtension._transfer
DA:244,15018
DA:247,15003
DA:249,14997
DA:251,14997
DA:253,14816
DA:256,7031
DA:266,41105
FN:266,MExtension._mBalanceOf
FNDA:41105,MExtension._mBalanceOf
DA:267,41105
DA:274,202538
FN:274,MExtension._revertIfInvalidRecipient
FNDA:202538,MExtension._revertIfInvalidRecipient
DA:275,202538
BRDA:275,6,0,38
DA:282,91184
FN:282,MExtension._revertIfInsufficientAmount
FNDA:91184,MExtension._revertIfInsufficientAmount
DA:283,91184
BRDA:283,7,0,2312
DA:291,29641
FN:291,MExtension._revertIfInsufficientBalance
FNDA:29641,MExtension._revertIfInsufficientBalance
DA:292,29641
DA:294,29641
BRDA:294,8,0,15367
FNF:21
FNH:20
LF:59
LH:58
BRF:8
BRH:8
end_of_record
TN:
SF:src/components/forcedTransferable/ForcedTransferable.sol
DA:28,40
FN:28,ForcedTransferable.__ForcedTransferable_init
FNDA:40,ForcedTransferable.__ForcedTransferable_init
DA:29,40
BRDA:29,0,0,1
DA:30,39
DA:36,12938
FN:36,ForcedTransferable.forceTransfer
FNDA:12938,ForcedTransferable.forceTransfer
DA:41,12936
DA:45,5006
FN:45,ForcedTransferable.forceTransfers
FNDA:5006,ForcedTransferable.forceTransfers
DA:50,5004
DA:51,5004
BRDA:51,1,0,2
DA:53,5002
DA:54,65354
DA:66,0
FN:66,ForcedTransferable._forceTransfer
FNDA:0,ForcedTransferable._forceTransfer
FNF:4
FNH:3
LF:11
LH:10
BRF:2
BRH:2
end_of_record
TN:
SF:src/components/freezable/Freezable.sol
DA:19,485278
FN:19,FreezableStorageLayout._getFreezableStorageLocation
FNDA:485278,FreezableStorageLayout._getFreezableStorageLocation
DA:21,485278
DA:44,308
FN:44,Freezable.__Freezable_init
FNDA:308,Freezable.__Freezable_init
DA:45,308
BRDA:45,0,0,2
DA:46,306
DA:52,6726
FN:52,Freezable.freeze
FNDA:6726,Freezable.freeze
DA:53,6725
DA:57,2481
FN:57,Freezable.freezeAccounts
FNDA:2481,Freezable.freezeAccounts
DA:58,2480
DA:59,2480
DA:60,62839
DA:65,3315
FN:65,Freezable.unfreeze
FNDA:3315,Freezable.unfreeze
DA:66,3314
DA:70,3
FN:70,Freezable.unfreezeAccounts
FNDA:3,Freezable.unfreezeAccounts
DA:71,2
DA:73,2
DA:74,6
DA:81,247865
FN:81,Freezable.isFrozen
FNDA:247865,Freezable.isFrozen
DA:82,247865
DA:91,69562
FN:91,Freezable._beforeFreeze
FNDA:69562,Freezable._beforeFreeze
DA:97,3318
FN:97,Freezable._beforeUnfreeze
FNDA:3318,Freezable._beforeUnfreeze
DA:106,69564
FN:106,Freezable._freeze
FNDA:69564,Freezable._freeze
DA:110,69562
DA:112,69562
DA:114,69562
DA:122,3320
FN:122,Freezable._unfreeze
FNDA:3320,Freezable._unfreeze
DA:124,3320
DA:126,3318
DA:128,3318
DA:130,3318
DA:141,348062
FN:141,Freezable._revertIfFrozen.0
FNDA:348062,Freezable._revertIfFrozen.0
DA:142,20
BRDA:142,3,0,20
DA:150,1
FN:150,Freezable._revertIfFrozen.1
FNDA:1,Freezable._revertIfFrozen.1
DA:151,1
BRDA:151,4,0,1
DA:160,1
FN:160,Freezable._revertIfNotFrozen.0
FNDA:1,Freezable._revertIfNotFrozen.0
DA:161,1
BRDA:161,5,0,1
DA:169,78291
FN:169,Freezable._revertIfNotFrozen.1
FNDA:78291,Freezable._revertIfNotFrozen.1
DA:170,78291
BRDA:170,6,0,4971
FNF:15
FNH:15
LF:38
LH:38
BRF:5
BRH:5
end_of_record
TN:
SF:src/components/pausable/Pausable.sol
DA:28,807
FN:28,Pausable.__Pausable_init
FNDA:807,Pausable.__Pausable_init
DA:29,807
BRDA:29,0,0,4
DA:30,803
DA:36,1764
FN:36,Pausable.pause
FNDA:1764,Pausable.pause
DA:37,1763
DA:38,1763
DA:42,1532
FN:42,Pausable.unpause
FNDA:1532,Pausable.unpause
DA:43,1531
DA:44,1531
DA:52,1763
FN:52,Pausable._beforePause
FNDA:1763,Pausable._beforePause
DA:57,1531
FN:57,Pausable._beforeUnpause
FNDA:1531,Pausable._beforeUnpause
FNF:5
FNH:5
LF:11
LH:11
BRF:1
BRH:1
end_of_record
TN:
SF:src/projects/earnerManager/MEarnerManager.sol
DA:55,88542
FN:55,MEarnerManagerStorageLayout._getMEarnerManagerStorageLocation
FNDA:88542,MEarnerManagerStorageLayout._getMEarnerManagerStorageLocation
DA:57,88542
DA:103,60
FN:103,MEarnerManager.initialize
FNDA:60,MEarnerManager.initialize
DA:111,60
BRDA:111,0,0,1
DA:112,59
BRDA:112,1,0,1
DA:114,58
DA:115,58
DA:117,57
DA:119,56
DA:120,56
DA:126,12
FN:126,MEarnerManager.setAccountInfo.0
FNDA:12,MEarnerManager.setAccountInfo.0
DA:127,11
DA:131,6
FN:131,MEarnerManager.setAccountInfo.1
FNDA:6,MEarnerManager.setAccountInfo.1
DA:136,5
BRDA:136,2,0,1
DA:137,4
BRDA:137,3,0,3
DA:139,1
DA:140,2
DA:145,5
FN:145,MEarnerManager.setFeeRecipient
FNDA:5,MEarnerManager.setFeeRecipient
DA:146,4
DA:150,5
FN:150,MEarnerManager.claimFor.0
FNDA:5,MEarnerManager.claimFor.0
DA:151,77
BRDA:151,4,0,1
DA:153,76
DA:155,76
DA:158,13
DA:159,13
DA:161,13
DA:165,13
DA:166,13
DA:169,13
DA:171,11
DA:174,11
DA:175,11
DA:178,11
DA:182,1
FN:182,MEarnerManager.claimFor.1
FNDA:1,MEarnerManager.claimFor.1
DA:185,1
BRDA:185,7,0,-
DA:188,1
DA:189,1
DA:190,1
DA:193,1
DA:194,6
DA:199,58
FN:199,MEarnerManager.enableEarning
FNDA:58,MEarnerManager.enableEarning
DA:200,58
DA:202,1
BRDA:202,8,0,1
DA:204,57
DA:206,57
DA:208,57
DA:212,5
FN:212,MEarnerManager.disableEarning
FNDA:5,MEarnerManager.disableEarning
DA:213,5
DA:215,5
BRDA:215,9,0,2
DA:217,3
DA:219,3
DA:225,2
FN:225,MEarnerManager.isEarningEnabled
FNDA:2,MEarnerManager.isEarningEnabled
DA:226,2585
DA:228,2585
DA:232,6
FN:232,MEarnerManager.accruedYieldAndFeeOf
FNDA:6,MEarnerManager.accruedYieldAndFeeOf
DA:235,111
DA:237,111
DA:238,111
DA:240,111
DA:243,24
DA:244,24
DA:249,17
FN:249,MEarnerManager.accruedYieldOf
FNDA:17,MEarnerManager.accruedYieldOf
DA:250,17
DA:254,12
FN:254,MEarnerManager.accruedFeeOf
FNDA:12,MEarnerManager.accruedFeeOf
DA:255,12
DA:259,0
FN:259,MEarnerManager.balanceWithYieldOf
FNDA:0,MEarnerManager.balanceWithYieldOf
DA:261,0
DA:266,15121
FN:266,MEarnerManager.balanceOf
FNDA:15121,MEarnerManager.balanceOf
DA:267,25019
DA:271,7
FN:271,MEarnerManager.totalSupply
FNDA:7,MEarnerManager.totalSupply
DA:272,7
DA:276,0
FN:276,MEarnerManager.projectedTotalSupply
FNDA:0,MEarnerManager.projectedTotalSupply
DA:277,0
DA:281,0
FN:281,MEarnerManager.totalPrincipal
FNDA:0,MEarnerManager.totalPrincipal
DA:282,0
DA:286,5
FN:286,MEarnerManager.feeRecipient
FNDA:5,MEarnerManager.feeRecipient
DA:287,5
DA:291,17
FN:291,MEarnerManager.isWhitelisted
FNDA:17,MEarnerManager.isWhitelisted
DA:292,17
DA:296,0
FN:296,MEarnerManager.principalOf
FNDA:0,MEarnerManager.principalOf
DA:297,0
DA:301,16
FN:301,MEarnerManager.feeRateOf
FNDA:16,MEarnerManager.feeRateOf
DA:302,16
DA:306,3
FN:306,MEarnerManager.currentIndex
FNDA:3,MEarnerManager.currentIndex
DA:307,7706
DA:308,7706
DA:312,2
FN:312,MEarnerManager.disableIndex
FNDA:2,MEarnerManager.disableIndex
DA:313,7708
DA:317,1
FN:317,MEarnerManager.wasEarningEnabled
FNDA:1,MEarnerManager.wasEarningEnabled
DA:318,1
DA:328,2
FN:328,MEarnerManager._beforeApprove
FNDA:2,MEarnerManager._beforeApprove
DA:329,2
DA:331,2
DA:332,1
DA:340,2579
FN:340,MEarnerManager._beforeWrap
FNDA:2579,MEarnerManager._beforeWrap
DA:341,2579
DA:342,2578
BRDA:342,11,0,1
DA:344,2577
DA:346,2577
DA:347,2576
DA:354,4952
FN:354,MEarnerManager._beforeUnwrap
FNDA:4952,MEarnerManager._beforeUnwrap
DA:355,4952
DA:356,4951
DA:364,5006
FN:364,MEarnerManager._beforeTransfer
FNDA:5006,MEarnerManager._beforeTransfer
DA:365,5006
DA:366,5005
DA:368,5005
DA:370,5003
DA:371,5003
DA:384,71
FN:384,MEarnerManager._setAccountInfo
FNDA:71,MEarnerManager._setAccountInfo
DA:385,71
BRDA:385,12,0,1
DA:386,70
BRDA:386,13,0,1
DA:387,69
BRDA:387,14,0,1
DA:389,68
DA:390,68
DA:393,68
DA:396,67
DA:398,66
DA:402,66
DA:405,66
BRDA:405,17,0,63
DA:406,63
DA:407,63
DA:408,63
DA:411,3
BRDA:411,18,0,2
BRDA:411,18,1,1
DA:413,2
DA:415,2
DA:418,1
DA:428,61
FN:428,MEarnerManager._setFeeRecipient
FNDA:61,MEarnerManager._setFeeRecipient
DA:429,61
BRDA:429,19,0,2
DA:431,59
DA:433,59
DA:436,58
DA:438,58
DA:440,58
DA:448,2575
FN:448,MEarnerManager._mint
FNDA:2575,MEarnerManager._mint
DA:449,2575
DA:450,2575
DA:453,2575
DA:458,2575
DA:459,2575
DA:461,2575
DA:463,2575
DA:466,2575
DA:474,2474
FN:474,MEarnerManager._burn
FNDA:2474,MEarnerManager._burn
DA:475,2474
DA:476,2474
DA:479,2474
DA:480,2474
DA:485,2474
DA:486,2474
DA:488,2474
DA:489,2474
DA:492,2474
DA:501,2483
FN:501,MEarnerManager._update
FNDA:2483,MEarnerManager._update
DA:502,2483
DA:503,2483
DA:504,2483
DA:507,2483
DA:508,2483
DA:513,2483
DA:514,2483
DA:516,2483
DA:517,2483
DA:530,111
FN:530,MEarnerManager._getAccruedYield
FNDA:111,MEarnerManager._getAccruedYield
DA:531,111
DA:533,48
DA:535,48
DA:542,25118
FN:542,MEarnerManager._revertIfNotWhitelisted
FNDA:25118,MEarnerManager._revertIfNotWhitelisted
DA:543,25118
BRDA:543,22,0,7
FNF:36
FNH:32
LF:169
LH:161
BRF:17
BRH:16
end_of_record
TN:
SF:src/projects/jmi/JMIExtension.sol
DA:57,202858
FN:57,JMIExtensionLayout._getJMIExtensionStorageLocation
FNDA:202858,JMIExtensionLayout._getJMIExtensionStorageLocation
DA:59,202858
DA:109,60
FN:109,JMIExtension.initialize
FNDA:60,JMIExtension.initialize
DA:119,60
DA:142,60
FN:142,JMIExtension.__JMIExtension_init
FNDA:60,JMIExtension.__JMIExtension_init
DA:152,60
BRDA:152,0,0,1
DA:154,59
DA:156,59
DA:162,10015
FN:162,JMIExtension.wrap
FNDA:10015,JMIExtension.wrap
DA:165,10014
DA:169,9917
FN:169,JMIExtension.replaceAssetWithM
FNDA:9917,JMIExtension.replaceAssetWithM
DA:170,9916
DA:176,243
FN:176,JMIExtension.setAssetCap
FNDA:243,JMIExtension.setAssetCap
DA:177,242
DA:179,241
DA:181,241
DA:184,240
BRDA:184,2,0,236
DA:186,240
DA:188,240
DA:194,18628
FN:194,JMIExtension.assetBalanceOf
FNDA:18628,JMIExtension.assetBalanceOf
DA:195,37537
DA:199,7
FN:199,JMIExtension.assetCap
FNDA:7,JMIExtension.assetCap
DA:200,9894
DA:204,3
FN:204,JMIExtension.assetDecimals
FNDA:3,JMIExtension.assetDecimals
DA:205,78057
DA:209,18626
FN:209,JMIExtension.totalAssets
FNDA:18626,JMIExtension.totalAssets
DA:210,28586
DA:214,9
FN:214,JMIExtension.isAllowedAsset
FNDA:9,JMIExtension.isAllowedAsset
DA:215,9
DA:219,6
FN:219,JMIExtension.isAllowedToWrap
FNDA:6,JMIExtension.isAllowedToWrap
DA:220,9882
DA:223,9880
DA:226,9879
DA:230,4
FN:230,JMIExtension.isAllowedToUnwrap
FNDA:4,JMIExtension.isAllowedToUnwrap
DA:231,4
DA:235,5
FN:235,JMIExtension.isAllowedToReplaceAssetWithM
FNDA:5,JMIExtension.isAllowedToReplaceAssetWithM
DA:236,5
DA:240,5002
FN:240,JMIExtension.yield
FNDA:5002,JMIExtension.yield
DA:241,5003
DA:242,5003
DA:245,5003
DA:258,9876
FN:258,JMIExtension._beforeWrap
FNDA:9876,JMIExtension._beforeWrap
DA:259,9876
BRDA:259,5,0,4633
DA:261,5243
DA:269,4954
FN:269,JMIExtension._beforeUnwrap
FNDA:4954,JMIExtension._beforeUnwrap
DA:270,4954
DA:272,2474
DA:285,10014
FN:285,JMIExtension._wrap
FNDA:10014,JMIExtension._wrap
DA:286,10014
DA:287,10012
DA:288,10011
DA:291,9876
DA:293,5242
DA:296,5242
DA:299,5242
DA:300,5242
BRDA:300,6,0,1
DA:303,5241
DA:304,5241
DA:306,4449
DA:309,4449
DA:310,4448
DA:312,4448
DA:322,9916
FN:322,JMIExtension._replaceAssetWithM
FNDA:9916,JMIExtension._replaceAssetWithM
DA:323,9916
DA:324,9915
DA:325,9913
DA:326,9912
DA:329,9027
DA:330,9027
DA:331,9026
DA:333,4269
DA:338,4269
DA:339,4269
DA:343,4269
DA:344,4269
DA:346,4269
DA:352,9960
FN:352,JMIExtension._mBacking
FNDA:9960,JMIExtension._mBacking
DA:353,9960
DA:354,9960
DA:357,9960
DA:366,20171
FN:366,JMIExtension._revertIfInvalidAsset
FNDA:20171,JMIExtension._revertIfInvalidAsset
DA:367,20171
BRDA:367,7,0,5
DA:374,4954
FN:374,JMIExtension._revertIfInsufficientMBacking
FNDA:4954,JMIExtension._revertIfInsufficientMBacking
DA:375,4954
DA:376,4954
BRDA:376,8,0,2480
DA:384,9026
FN:384,JMIExtension._revertIfInsufficientAssetBacking
FNDA:9026,JMIExtension._revertIfInsufficientAssetBacking
DA:385,9026
DA:386,9026
BRDA:386,9,0,4757
DA:395,40051
FN:395,JMIExtension._fromAssetToExtensionAmount
FNDA:40051,JMIExtension._fromAssetToExtensionAmount
DA:396,40051
DA:405,38003
FN:405,JMIExtension._fromExtensionToAssetAmount
FNDA:38003,JMIExtension._fromExtensionToAssetAmount
DA:406,38003
DA:418,78054
FN:418,JMIExtension._convertAmounts
FNDA:78054,JMIExtension._convertAmounts
DA:419,78054
DA:421,49712
DA:422,49712
FNF:26
FNH:26
LF:96
LH:96
BRF:7
BRH:7
end_of_record
TN:
SF:src/projects/yieldToAllWithFee/MSpokeYieldFee.sol
DA:37,7
FN:37,MSpokeYieldFee.constructor
FNDA:7,MSpokeYieldFee.constructor
DA:38,7
BRDA:38,0,0,1
DA:55,6
FN:55,MSpokeYieldFee.initialize
FNDA:6,MSpokeYieldFee.initialize
DA:66,6
DA:87,2823
FN:87,MSpokeYieldFee._latestEarnerRateAccrualTimestamp
FNDA:2823,MSpokeYieldFee._latestEarnerRateAccrualTimestamp
DA:88,2823
DA:92,408
FN:92,MSpokeYieldFee._currentEarnerRate
FNDA:408,MSpokeYieldFee._currentEarnerRate
DA:94,408
FNF:4
FNH:4
LF:8
LH:8
BRF:1
BRH:1
end_of_record
TN:
SF:src/projects/yieldToAllWithFee/MYieldFee.sol
DA:51,786198
FN:51,MYieldFeeStorageLayout._getMYieldFeeStorageLocation
FNDA:786198,MYieldFeeStorageLayout._getMYieldFeeStorageLocation
DA:53,786198
DA:110,82
FN:110,MYieldFee.initialize
FNDA:82,MYieldFee.initialize
DA:121,82
BRDA:121,0,0,1
DA:122,81
BRDA:122,1,0,1
DA:123,80
BRDA:123,2,0,1
DA:125,79
DA:127,79
DA:128,79
DA:129,79
DA:131,79
DA:132,78
DA:134,77
DA:135,77
DA:137,76
DA:143,5007
FN:143,MYieldFee.claimYieldFor
FNDA:5007,MYieldFee.claimYieldFor
DA:144,5011
BRDA:144,3,0,1
DA:146,5010
DA:148,5010
DA:150,4683
DA:154,4683
DA:155,4683
DA:158,4683
DA:161,4683
DA:162,4683
DA:164,4683
DA:167,2
DA:169,2
DA:173,1285
FN:173,MYieldFee.claimFee
FNDA:1285,MYieldFee.claimFee
DA:174,1288
DA:176,1288
DA:178,1285
DA:180,1285
DA:183,1285
DA:185,1285
DA:189,4
FN:189,MYieldFee.enableEarning
FNDA:4,MYieldFee.enableEarning
DA:190,4
DA:192,1
BRDA:192,7,0,1
DA:194,3
DA:197,3
DA:199,3
DA:203,4
FN:203,MYieldFee.disableEarning
FNDA:4,MYieldFee.disableEarning
DA:204,4
DA:206,4
BRDA:206,8,0,1
DA:209,3
DA:212,3
DA:213,3
DA:215,3
DA:219,12
FN:219,MYieldFee.updateIndex
FNDA:12,MYieldFee.updateIndex
DA:220,829
DA:223,829
DA:226,827
DA:227,827
DA:230,827
DA:233,823
DA:234,823
DA:235,823
DA:237,823
DA:241,34821
FN:241,MYieldFee.setFeeRate
FNDA:34821,MYieldFee.setFeeRate
DA:242,34820
DA:245,34819
BRDA:245,11,0,811
DA:249,4
FN:249,MYieldFee.setFeeRecipient
FNDA:4,MYieldFee.setFeeRecipient
DA:251,3
DA:253,3
DA:257,7
FN:257,MYieldFee.setClaimRecipient
FNDA:7,MYieldFee.setClaimRecipient
DA:261,6
BRDA:261,12,0,1
DA:262,5
BRDA:262,13,0,1
DA:264,4
DA:266,4
DA:269,4
DA:271,4
DA:273,4
DA:279,26698
FN:279,MYieldFee.accruedYieldOf
FNDA:26698,MYieldFee.accruedYieldOf
DA:280,71583
DA:281,71583
DA:285,35781
FN:285,MYieldFee.balanceOf
FNDA:35781,MYieldFee.balanceOf
DA:286,85522
DA:290,39875
FN:290,MYieldFee.balanceWithYieldOf
FNDA:39875,MYieldFee.balanceWithYieldOf
DA:292,39875
DA:297,11609
FN:297,MYieldFee.principalOf
FNDA:11609,MYieldFee.principalOf
DA:298,11609
DA:302,83129
FN:302,MYieldFee.currentIndex
FNDA:83129,MYieldFee.currentIndex
DA:303,207442
DA:305,207442
DA:309,103417
DA:311,103417
DA:324,2
FN:324,MYieldFee.earnerRate
FNDA:2,MYieldFee.earnerRate
DA:325,829
DA:326,829
DA:334,1
FN:334,MYieldFee.isEarningEnabled
FNDA:1,MYieldFee.isEarningEnabled
DA:335,35649
DA:339,7
FN:339,MYieldFee.latestIndex
FNDA:7,MYieldFee.latestIndex
DA:340,7
DA:344,3394
FN:344,MYieldFee.latestRate
FNDA:3394,MYieldFee.latestRate
DA:345,3394
DA:349,0
FN:349,MYieldFee.latestUpdateTimestamp
FNDA:0,MYieldFee.latestUpdateTimestamp
DA:350,0
DA:354,10681
FN:354,MYieldFee.projectedTotalSupply
FNDA:10681,MYieldFee.projectedTotalSupply
DA:355,29012
DA:359,12279
FN:359,MYieldFee.totalAccruedYield
FNDA:12279,MYieldFee.totalAccruedYield
DA:360,12279
DA:361,12279
DA:365,17043
FN:365,MYieldFee.totalAccruedFee
FNDA:17043,MYieldFee.totalAccruedFee
DA:366,18331
DA:367,18331
DA:370,18331
DA:375,48037
FN:375,MYieldFee.totalPrincipal
FNDA:48037,MYieldFee.totalPrincipal
DA:376,48037
DA:380,49319
FN:380,MYieldFee.totalSupply
FNDA:49319,MYieldFee.totalSupply
DA:381,49319
DA:385,5
FN:385,MYieldFee.feeRate
FNDA:5,MYieldFee.feeRate
DA:386,833
DA:390,5
FN:390,MYieldFee.feeRecipient
FNDA:5,MYieldFee.feeRecipient
DA:391,5
DA:395,5
FN:395,MYieldFee.claimRecipientFor
FNDA:5,MYieldFee.claimRecipientFor
DA:396,4688
DA:399,4688
DA:409,5003
FN:409,MYieldFee._beforeApprove
FNDA:5003,MYieldFee._beforeApprove
DA:410,5003
DA:412,5003
DA:413,5002
DA:421,4933
FN:421,MYieldFee._beforeWrap
FNDA:4933,MYieldFee._beforeWrap
DA:422,4933
DA:423,4932
DA:425,4932
DA:426,4930
DA:433,4932
FN:433,MYieldFee._beforeUnwrap
FNDA:4932,MYieldFee._beforeUnwrap
DA:434,4932
DA:435,4931
DA:443,5006
FN:443,MYieldFee._beforeTransfer
FNDA:5006,MYieldFee._beforeTransfer
DA:444,5006
DA:445,5005
DA:447,5005
DA:449,5004
DA:450,5004
DA:460,4930
FN:460,MYieldFee._mint.0
FNDA:4930,MYieldFee._mint.0
DA:461,4930
DA:470,6215
FN:470,MYieldFee._mint.1
FNDA:6215,MYieldFee._mint.1
DA:471,6215
DA:476,6215
DA:477,6215
DA:479,6215
DA:481,6215
DA:484,6215
DA:492,2257
FN:492,MYieldFee._burn
FNDA:2257,MYieldFee._burn
DA:493,2257
DA:496,2257
DA:497,2257
DA:503,2257
DA:504,2257
DA:506,2257
DA:507,2257
DA:510,2257
DA:519,2144
FN:519,MYieldFee._update
FNDA:2144,MYieldFee._update
DA:520,2144
DA:523,2144
DA:524,2144
DA:529,2144
DA:530,2144
DA:532,2144
DA:533,2144
DA:543,34897
FN:543,MYieldFee._setFeeRate
FNDA:34897,MYieldFee._setFeeRate
DA:544,34897
BRDA:544,16,0,1
DA:546,34896
DA:548,34896
DA:550,34866
DA:552,34866
DA:561,80
FN:561,MYieldFee._setFeeRecipient
FNDA:80,MYieldFee._setFeeRecipient
DA:562,80
BRDA:562,18,0,2
DA:564,78
DA:566,78
DA:568,77
DA:570,77
DA:584,103053
FN:584,MYieldFee._latestEarnerRateAccrualTimestamp
FNDA:103053,MYieldFee._latestEarnerRateAccrualTimestamp
DA:585,103053
DA:595,422
FN:595,MYieldFee._currentEarnerRate
FNDA:422,MYieldFee._currentEarnerRate
DA:597,422
DA:607,83862
FN:607,MYieldFee._getAccruedYield
FNDA:83862,MYieldFee._getAccruedYield
DA:608,83862
DA:610,83862
FNF:41
FNH:40
LF:180
LH:178
BRF:11
BRH:11
end_of_record
TN:
SF:src/projects/yieldToOne/MYieldToOne.sol
DA:36,2954472
FN:36,MYieldToOneStorageLayout._getMYieldToOneStorageLocation
FNDA:2954472,MYieldToOneStorageLayout._getMYieldToOneStorageLocation
DA:38,2954472
DA:78,121
FN:78,MYieldToOne.initialize
FNDA:121,MYieldToOne.initialize
DA:87,121
DA:100,214
FN:100,MYieldToOne.__MYieldToOne_init
FNDA:214,MYieldToOne.__MYieldToOne_init
DA:109,214
BRDA:109,0,0,1
DA:110,213
BRDA:110,1,0,1
DA:112,212
DA:113,212
DA:114,212
DA:116,211
DA:118,210
DA:119,210
DA:125,12759
FN:125,MYieldToOne.claimYield
FNDA:12759,MYieldToOne.claimYield
DA:126,12763
DA:128,12763
DA:130,12763
DA:132,7396
DA:134,7396
DA:136,7396
DA:140,5
FN:140,MYieldToOne.setYieldRecipient
FNDA:5,MYieldToOne.setYieldRecipient
DA:142,4
DA:144,4
DA:148,4865
FN:148,MYieldToOne.setAllowlisted.0
FNDA:4865,MYieldToOne.setAllowlisted.0
DA:149,4864
DA:153,4
FN:153,MYieldToOne.setAllowlisted.1
FNDA:4,MYieldToOne.setAllowlisted.1
DA:154,3
DA:155,8
DA:161,10693
FN:161,MYieldToOne.setContractKey
FNDA:10693,MYieldToOne.setContractKey
DA:165,10692
DA:167,10689
BRDA:167,3,0,1
DA:169,10688
DA:171,10688
BRDA:171,4,0,1
DA:173,10687
DA:174,10687
DA:176,10687
DA:180,9765
FN:180,MYieldToOne.registerPublicKey
FNDA:9765,MYieldToOne.registerPublicKey
DA:181,9765
DA:183,9762
DA:185,9762
DA:189,32022
FN:189,MYieldToOne.transfer.0
FNDA:32022,MYieldToOne.transfer.0
DA:190,32022
DA:191,32011
DA:195,17692
FN:195,MYieldToOne.approve.0
FNDA:17692,MYieldToOne.approve.0
DA:196,17692
DA:197,17687
DA:201,22480
FN:201,MYieldToOne.transferFrom.0
FNDA:22480,MYieldToOne.transferFrom.0
DA:202,22480
DA:203,22476
DA:207,3
FN:207,MYieldToOne.transfer.1
FNDA:3,MYieldToOne.transfer.1
DA:211,3
DA:215,13703
FN:215,MYieldToOne.transferFrom.1
FNDA:13703,MYieldToOne.transferFrom.1
DA:220,13703
BRDA:220,5,0,4
DA:222,13699
DA:223,13694
DA:227,8866
FN:227,MYieldToOne.approve.1
FNDA:8866,MYieldToOne.approve.1
DA:231,8866
BRDA:231,6,0,3
DA:233,8863
DA:234,8861
DA:238,1
FN:238,MYieldToOne.permit.0
FNDA:1,MYieldToOne.permit.0
DA:247,1
DA:251,1
FN:251,MYieldToOne.permit.1
FNDA:1,MYieldToOne.permit.1
DA:258,1
DA:265,14
FN:265,MYieldToOne.balanceOf
FNDA:14,MYieldToOne.balanceOf
DA:266,14
BRDA:266,7,0,4
DA:267,4
DA:270,10
DA:274,421108
FN:274,MYieldToOne.totalSupply
FNDA:421108,MYieldToOne.totalSupply
DA:275,448839
DA:280,4
FN:280,MYieldToOne.allowance
FNDA:4,MYieldToOne.allowance
DA:284,4
BRDA:284,8,0,1
DA:285,3
DA:289,5009
FN:289,MYieldToOne.yield
FNDA:5009,MYieldToOne.yield
DA:292,17771
DA:293,17771
DA:295,17771
DA:300,15
FN:300,MYieldToOne.yieldRecipient
FNDA:15,MYieldToOne.yieldRecipient
DA:301,7411
DA:305,13
FN:305,MYieldToOne.isAllowlisted
FNDA:13,MYieldToOne.isAllowlisted
DA:306,13
DA:310,4
FN:310,MYieldToOne.publicKeyOf
FNDA:4,MYieldToOne.publicKeyOf
DA:311,4
DA:315,2
FN:315,MYieldToOne.contractPublicKey
FNDA:2,MYieldToOne.contractPublicKey
DA:316,2
DA:326,26555
FN:326,MYieldToOne._beforeApprove
FNDA:26555,MYieldToOne._beforeApprove
DA:327,26555
DA:329,26555
DA:330,26553
DA:338,18593
FN:338,MYieldToOne._beforeWrap
FNDA:18593,MYieldToOne._beforeWrap
DA:339,18593
DA:340,18590
DA:342,18590
DA:343,18589
DA:350,13390
FN:350,MYieldToOne._beforeUnwrap
FNDA:13390,MYieldToOne._beforeUnwrap
DA:351,13390
DA:352,13388
DA:360,68197
FN:360,MYieldToOne._beforeTransfer
FNDA:68197,MYieldToOne._beforeTransfer
DA:361,68197
DA:362,68194
DA:364,68194
DA:366,68191
DA:367,68190
DA:373,12763
FN:373,MYieldToOne._beforeClaimYield
FNDA:12763,MYieldToOne._beforeClaimYield
DA:382,25190
FN:382,MYieldToOne._mint
FNDA:25190,MYieldToOne._mint
DA:383,25190
DA:387,25190
DA:388,25190
DA:391,25190
DA:399,13386
FN:399,MYieldToOne._burn
FNDA:13386,MYieldToOne._burn
DA:400,13386
DA:404,13386
DA:405,13386
DA:408,13386
DA:417,133696
FN:417,MYieldToOne._update
FNDA:133696,MYieldToOne._update
DA:418,133696
DA:423,133696
DA:424,133696
DA:436,36179
FN:436,MYieldToOne._spendAllowanceAndTransfer
FNDA:36179,MYieldToOne._spendAllowanceAndTransfer
DA:437,36179
DA:438,36179
DA:441,36179
BRDA:441,9,0,25887
DA:444,25887
BRDA:444,10,0,3
DA:449,25884
DA:453,36176
DA:464,68198
FN:464,MYieldToOne._shieldedTransfer
FNDA:68198,MYieldToOne._shieldedTransfer
DA:465,68198
DA:467,68198
DA:468,68197
DA:470,54494
BRDA:470,11,0,54494
BRDA:470,11,1,13694
DA:471,54494
DA:473,13694
DA:476,68183
DA:480,61546
BRDA:480,13,0,2
DA:481,2
DA:484,61544
DA:495,72184
FN:495,MYieldToOne._encryptAmount
FNDA:72184,MYieldToOne._encryptAmount
DA:496,72184
DA:498,72184
BRDA:498,14,0,4
DA:500,72180
DA:502,72180
DA:504,29076
DA:506,29076
DA:507,29074
DA:508,29073
DA:510,29073
DA:519,29076
FN:519,MYieldToOne._ecdh
FNDA:29076,MYieldToOne._ecdh
DA:520,29076
DA:521,29076
BRDA:521,16,0,2
DA:522,29074
DA:530,29074
FN:530,MYieldToOne._hkdf
FNDA:29074,MYieldToOne._hkdf
DA:531,29074
DA:532,29074
BRDA:532,17,0,1
DA:533,29073
DA:543,29073
FN:543,MYieldToOne._aesGcmEncrypt
FNDA:29073,MYieldToOne._aesGcmEncrypt
DA:544,29073
DA:547,29073
BRDA:547,18,0,1
DA:548,29072
DA:558,26555
FN:558,MYieldToOne._shieldedApprove
FNDA:26555,MYieldToOne._shieldedApprove
DA:559,26555
DA:561,26555
DA:563,26551
DA:565,17690
BRDA:565,19,0,17690
BRDA:565,19,1,8861
DA:566,17690
DA:568,8861
DA:577,85543
FN:577,MYieldToOne._balanceOf
FNDA:85543,MYieldToOne._balanceOf
DA:578,85543
DA:586,22580
FN:586,MYieldToOne._isInfra
FNDA:22580,MYieldToOne._isInfra
DA:587,22580
DA:594,20457
FN:594,MYieldToOne._revertIfInvalidPublicKey
FNDA:20457,MYieldToOne._revertIfInvalidPublicKey
DA:595,20457
BRDA:595,20,0,4
DA:596,20453
BRDA:596,21,0,2
DA:604,85539
FN:604,MYieldToOne._revertIfInsufficientBalance
FNDA:85539,MYieldToOne._revertIfInsufficientBalance
DA:607,85539
BRDA:607,22,0,1
DA:614,10344
FN:614,MYieldToOne._setYieldRecipient
FNDA:10344,MYieldToOne._setYieldRecipient
DA:615,10344
BRDA:615,23,0,3
DA:617,10341
DA:619,10341
DA:621,8277
DA:623,8277
DA:631,4872
FN:631,MYieldToOne._setAllowlisted
FNDA:4872,MYieldToOne._setAllowlisted
DA:632,4872
BRDA:632,25,0,2
DA:634,4870
DA:636,4870
DA:638,4868
DA:640,4868
FNF:46
FNH:46
LF:185
LH:185
BRF:24
BRH:24
end_of_record
TN:
SF:src/projects/yieldToOne/MYieldToOneForcedTransfer.sol
DA:44,35
FN:44,MYieldToOneForcedTransfer.initialize
FNDA:35,MYieldToOneForcedTransfer.initialize
DA:54,35
DA:79,35
FN:79,MYieldToOneForcedTransfer.__MYieldToOneForcedTransfer_init
FNDA:35,MYieldToOneForcedTransfer.__MYieldToOneForcedTransfer_init
DA:89,35
BRDA:89,0,0,1
DA:91,34
DA:92,34
DA:101,12757
FN:101,MYieldToOneForcedTransfer.claimYield
FNDA:12757,MYieldToOneForcedTransfer.claimYield
DA:102,12757
DA:103,12756
DA:110,10130
FN:110,MYieldToOneForcedTransfer.setYieldRecipient
FNDA:10130,MYieldToOneForcedTransfer.setYieldRecipient
DA:111,10129
DA:118,8
FN:118,MYieldToOneForcedTransfer.balanceOf
FNDA:8,MYieldToOneForcedTransfer.balanceOf
DA:119,8
DA:121,4
DA:136,78290
FN:136,MYieldToOneForcedTransfer._forceTransfer
FNDA:78290,MYieldToOneForcedTransfer._forceTransfer
DA:137,78290
DA:138,73320
DA:140,73320
DA:141,73320
DA:143,73320
DA:145,72152
DA:147,72152
FNF:6
FNH:6
LF:22
LH:22
BRF:1
BRH:1
end_of_record
TN:
SF:src/swap/ReentrancyLock.sol
DA:23,28
FN:23,ReentrancyLockStorageLayout._getReentrancyLockStorageLocation
FNDA:28,ReentrancyLockStorageLayout._getReentrancyLockStorageLocation
DA:25,28
DA:34,5
FN:34,ReentrancyLock.isNotLocked
FNDA:5,ReentrancyLock.isNotLocked
DA:35,5
BRDA:35,0,0,-
DA:37,5
DA:39,5
DA:41,1
DA:50,452
FN:50,ReentrancyLock.__ReentrancyLock_init
FNDA:452,ReentrancyLock.__ReentrancyLock_init
DA:51,452
BRDA:51,1,0,-
DA:53,452
DA:59,0
FN:59,ReentrancyLock.setTrustedRouter
FNDA:0,ReentrancyLock.setTrustedRouter
DA:60,0
BRDA:60,2,0,-
DA:62,0
DA:63,0
DA:65,0
DA:67,0
DA:73,0
FN:73,ReentrancyLock.isTrustedRouter
FNDA:0,ReentrancyLock.isTrustedRouter
DA:74,28
DA:79,35044
FN:79,ReentrancyLock._getLocker
FNDA:35044,ReentrancyLock._getLocker
DA:80,35044
FNF:6
FNH:4
LF:20
LH:13
BRF:3
BRH:0
end_of_record
TN:
SF:src/swap/SwapFacility.sol
DA:33,254
FN:33,SwapFacilityUpgradeableStorageLayout._getSwapFacilityStorageLocation
FNDA:254,SwapFacilityUpgradeableStorageLayout._getSwapFacilityStorageLocation
DA:35,254
DA:72,454
FN:72,SwapFacility.constructor
FNDA:454,SwapFacility.constructor
DA:73,454
DA:75,454
BRDA:75,0,0,1
DA:76,453
BRDA:76,1,0,1
DA:87,452
FN:87,SwapFacility.initialize
FNDA:452,SwapFacility.initialize
DA:88,452
DA:89,452
DA:97,0
FN:97,SwapFacility.initializeV2
FNDA:0,SwapFacility.initializeV2
DA:98,0
DA:104,23
FN:104,SwapFacility.swap
FNDA:23,SwapFacility.swap
DA:105,23
DA:109,0
FN:109,SwapFacility.swapWithPermit.0
FNDA:0,SwapFacility.swapWithPermit.0
DA:119,0
BRDA:119,2,0,-
DA:120,0
DA:124,0
FN:124,SwapFacility.swapWithPermit.1
FNDA:0,SwapFacility.swapWithPermit.1
DA:132,0
BRDA:132,3,0,-
DA:133,0
DA:137,0
FN:137,SwapFacility.swapInM
FNDA:0,SwapFacility.swapInM
DA:138,0
DA:142,0
FN:142,SwapFacility.swapOutM
FNDA:0,SwapFacility.swapOutM
DA:143,0
DA:147,5
FN:147,SwapFacility.replaceAssetWithM
FNDA:5,SwapFacility.replaceAssetWithM
DA:154,5
DA:158,0
FN:158,SwapFacility.replaceAssetWithMWithPermit.0
FNDA:0,SwapFacility.replaceAssetWithMWithPermit.0
DA:169,0
BRDA:169,4,0,-
DA:170,0
DA:174,0
FN:174,SwapFacility.replaceAssetWithMWithPermit.1
FNDA:0,SwapFacility.replaceAssetWithMWithPermit.1
DA:183,0
BRDA:183,5,0,-
DA:184,0
DA:190,18
FN:190,SwapFacility.setPermissionedExtension
FNDA:18,SwapFacility.setPermissionedExtension
DA:191,17
BRDA:191,6,0,1
DA:193,16
DA:195,15
DA:197,15
DA:201,10
FN:201,SwapFacility.setPermissionedMSwapper
FNDA:10,SwapFacility.setPermissionedMSwapper
DA:206,9
BRDA:206,8,0,1
DA:207,8
BRDA:207,9,0,1
DA:209,7
DA:211,6
DA:213,6
DA:217,61
FN:217,SwapFacility.setAdminApprovedExtension
FNDA:61,SwapFacility.setAdminApprovedExtension
DA:218,60
BRDA:218,11,0,1
DA:220,59
DA:222,59
DA:224,59
DA:230,6
FN:230,SwapFacility.isPermissionedExtension
FNDA:6,SwapFacility.isPermissionedExtension
DA:231,64
DA:235,6
FN:235,SwapFacility.isPermissionedMSwapper
FNDA:6,SwapFacility.isPermissionedMSwapper
DA:236,19
DA:240,2
FN:240,SwapFacility.isMSwapper
FNDA:2,SwapFacility.isMSwapper
DA:241,19
DA:245,2
FN:245,SwapFacility.isAdminApprovedExtension
FNDA:2,SwapFacility.isAdminApprovedExtension
DA:246,91
DA:250,4
FN:250,SwapFacility.isApprovedExtension
FNDA:4,SwapFacility.isApprovedExtension
DA:251,74
DA:255,31
FN:255,SwapFacility.canSwapViaPath
FNDA:31,SwapFacility.canSwapViaPath
DA:256,31
DA:257,31
DA:260,31
DA:263,25
BRDA:263,14,0,25
DA:264,3
DA:266,25
BRDA:266,15,0,25
DA:267,1
DA:269,25
DA:273,22
BRDA:273,17,0,6
DA:274,6
DA:275,6
DA:280,16
BRDA:280,19,0,6
DA:281,6
DA:282,6
DA:287,10
DA:288,10
BRDA:288,21,0,6
DA:289,6
DA:294,3
BRDA:294,22,0,3
DA:295,3
BRDA:295,23,0,3
DA:296,2
DA:297,1
BRDA:297,23,1,1
DA:298,1
DA:302,1
DA:306,35044
FN:306,SwapFacility.msgSender
FNDA:35044,SwapFacility.msgSender
DA:307,35044
DA:319,23
FN:319,SwapFacility._swap
FNDA:23,SwapFacility._swap
DA:320,23
DA:324,22
DA:328,14
DA:331,9
DA:332,9
DA:339,2
DA:349,4
FN:349,SwapFacility._swapExtensions
FNDA:4,SwapFacility._swapExtensions
DA:350,4
DA:351,3
DA:353,2
DA:356,2
DA:360,2
DA:364,2
DA:366,2
DA:367,2
DA:369,2
DA:378,8
FN:378,SwapFacility._swapInM
FNDA:8,SwapFacility._swapInM
DA:379,8
DA:380,7
DA:382,5
DA:383,5
DA:384,5
DA:386,4
DA:396,3
FN:396,SwapFacility._swapInJMI
FNDA:3,SwapFacility._swapInJMI
DA:397,3
DA:400,1
DA:401,1
DA:402,1
DA:404,1
DA:415,5
FN:415,SwapFacility._replaceAssetWithM
FNDA:5,SwapFacility._replaceAssetWithM
DA:422,5
DA:423,4
DA:424,3
DA:426,2
DA:428,1
DA:430,1
DA:434,1
DA:438,1
DA:440,1
DA:441,1
DA:443,1
DA:452,5
FN:452,SwapFacility._swapOutM
FNDA:5,SwapFacility._swapOutM
DA:453,5
DA:454,4
DA:456,2
DA:459,2
DA:463,2
DA:467,2
DA:469,2
DA:471,2
DA:481,10
FN:481,SwapFacility._mBalanceOf
FNDA:10,SwapFacility._mBalanceOf
DA:482,10
DA:489,20
FN:489,SwapFacility._revertIfNotApprovedExtension
FNDA:20,SwapFacility._revertIfNotApprovedExtension
DA:490,20
BRDA:490,28,0,4
DA:498,9
FN:498,SwapFacility._revertIfPermissionedExtension
FNDA:9,SwapFacility._revertIfPermissionedExtension
DA:499,9
BRDA:499,29,0,3
DA:507,11
FN:507,SwapFacility._revertIfNotApprovedSwapper
FNDA:11,SwapFacility._revertIfNotApprovedSwapper
DA:508,11
BRDA:508,30,0,2
BRDA:508,30,1,7
DA:509,2
BRDA:509,31,0,2
DA:511,9
BRDA:511,32,0,2
DA:520,3
FN:520,SwapFacility._revertIfCannotJmi
FNDA:3,SwapFacility._revertIfCannotJmi
DA:521,3
BRDA:521,33,0,3
DA:522,2
BRDA:522,34,0,1
DA:523,1
BRDA:523,33,1,1
DA:524,1
DA:533,74
FN:533,SwapFacility._isApprovedEarner
FNDA:74,SwapFacility._isApprovedEarner
DA:534,74
DA:535,74
DA:536,74
FNF:34
FNH:27
LF:153
LH:135
BRF:27
BRH:23
end_of_record
TN:
SF:src/swap/UniswapV3SwapAdapter.sol
DA:61,19
FN:61,UniswapV3SwapAdapter.constructor
FNDA:19,UniswapV3SwapAdapter.constructor
DA:68,19
BRDA:68,0,0,1
DA:69,18
BRDA:69,1,0,1
DA:70,17
BRDA:70,2,0,1
DA:72,16
DA:74,16
DA:75,32
DA:79,16
DA:80,16
DA:84,5
FN:84,UniswapV3SwapAdapter.swapIn
FNDA:5,UniswapV3SwapAdapter.swapIn
DA:92,5
DA:93,4
DA:94,3
DA:95,1
DA:97,0
DA:99,0
DA:100,0
DA:103,0
DA:114,0
BRDA:114,3,0,-
DA:116,0
DA:122,0
DA:123,0
BRDA:123,4,0,-
DA:124,0
DA:127,0
DA:131,5
FN:131,UniswapV3SwapAdapter.swapOut
FNDA:5,UniswapV3SwapAdapter.swapOut
DA:139,5
DA:140,4
DA:141,3
DA:142,1
DA:144,0
DA:146,0
DA:149,0
BRDA:149,5,0,-
DA:150,0
DA:151,0
DA:154,0
DA:158,0
DA:171,0
DA:172,0
BRDA:172,6,0,-
DA:173,0
DA:176,0
DA:180,3
FN:180,UniswapV3SwapAdapter.whitelistToken
FNDA:3,UniswapV3SwapAdapter.whitelistToken
DA:181,2
DA:184,0
FN:184,UniswapV3SwapAdapter.msgSender
FNDA:0,UniswapV3SwapAdapter.msgSender
DA:185,0
DA:188,34
FN:188,UniswapV3SwapAdapter._whitelistToken
FNDA:34,UniswapV3SwapAdapter._whitelistToken
DA:189,34
BRDA:189,7,0,-
DA:190,34
DA:192,34
DA:194,34
DA:203,4
FN:203,UniswapV3SwapAdapter._decodeAndValidatePathTokens
FNDA:4,UniswapV3SwapAdapter._decodeAndValidatePathTokens
DA:207,4
DA:208,2
BRDA:208,9,0,2
DA:210,2
DA:213,2
DA:214,2
DA:216,2
DA:223,10
FN:223,UniswapV3SwapAdapter._revertIfNotWhitelistedToken
FNDA:10,UniswapV3SwapAdapter._revertIfNotWhitelistedToken
DA:224,10
BRDA:224,10,0,2
DA:231,2
FN:231,UniswapV3SwapAdapter._revertIfZeroRecipient
FNDA:2,UniswapV3SwapAdapter._revertIfZeroRecipient
DA:232,2
BRDA:232,11,0,2
DA:239,8
FN:239,UniswapV3SwapAdapter._revertIfZeroAmount
FNDA:8,UniswapV3SwapAdapter._revertIfZeroAmount
DA:240,8
BRDA:240,12,0,2
DA:248,3
FN:248,UniswapV3SwapAdapter._revertIfInvalidSwapInPath
FNDA:3,UniswapV3SwapAdapter._revertIfInvalidSwapInPath
DA:249,3
BRDA:249,13,0,2
DA:250,2
DA:251,1
BRDA:251,14,0,1
DA:260,3
FN:260,UniswapV3SwapAdapter._revertIfInvalidSwapOutPath
FNDA:3,UniswapV3SwapAdapter._revertIfInvalidSwapOutPath
DA:261,3
BRDA:261,15,0,2
DA:262,2
DA:263,1
BRDA:263,16,0,1
FNF:12
FNH:11
LF:70
LH:47
BRF:16
BRH:11
end_of_record
